#! /usr/oss-cad-suite/bin/vvp
:ivl_version "13.0 (devel)" "(s20250103-66-gd67d3323a)";
:ivl_delay_selection "TYPICAL";
:vpi_time_precision + 0;
:vpi_module "/usr/oss-cad-suite/lib/ivl/system.vpi";
:vpi_module "/usr/oss-cad-suite/lib/ivl/vhdl_sys.vpi";
:vpi_module "/usr/oss-cad-suite/lib/ivl/vhdl_textio.vpi";
:vpi_module "/usr/oss-cad-suite/lib/ivl/v2005_math.vpi";
:vpi_module "/usr/oss-cad-suite/lib/ivl/va_math.vpi";
S_0x555563e2fd40 .scope module, "main_FSM_tb" "main_FSM_tb" 2 1;
 .timescale 0 0;
v0x555563e9ebd0_0 .net "ALUOp", 1 0, v0x555563e605f0_0;  1 drivers
v0x555563e9ecb0_0 .net "ALUSrcA", 1 0, v0x555563e60c20_0;  1 drivers
v0x555563e9ed80_0 .net "ALUSrcB", 1 0, v0x555563e61250_0;  1 drivers
v0x555563e9ee80_0 .net "AdrSrc", 0 0, v0x555563e61880_0;  1 drivers
v0x555563e9ef50_0 .net "Branch", 0 0, v0x555563e61eb0_0;  1 drivers
v0x555563e9eff0_0 .net "IRWrite", 0 0, v0x555563e626c0_0;  1 drivers
v0x555563e9f0c0_0 .net "MemWrite", 0 0, v0x555563e62760_0;  1 drivers
v0x555563e9f190_0 .net "PCUpdate", 0 0, v0x555563e9e3b0_0;  1 drivers
v0x555563e9f260_0 .net "RegWrite", 0 0, v0x555563e9e470_0;  1 drivers
v0x555563e9f3c0_0 .net "ResultSrc", 1 0, v0x555563e9e530_0;  1 drivers
v0x555563e9f490_0 .var "clk", 0 0;
v0x555563e9f560_0 .var "op", 6 0;
v0x555563e9f630_0 .var "reset", 0 0;
S_0x555563e2fed0 .scope module, "uut" "main_FSM" 2 9, 3 1 0, S_0x555563e2fd40;
 .timescale 0 0;
    .port_info 0 /INPUT 1 "clk";
    .port_info 1 /INPUT 1 "reset";
    .port_info 2 /INPUT 7 "op";
    .port_info 3 /OUTPUT 1 "AdrSrc";
    .port_info 4 /OUTPUT 1 "MemWrite";
    .port_info 5 /OUTPUT 1 "IRWrite";
    .port_info 6 /OUTPUT 2 "ResultSrc";
    .port_info 7 /OUTPUT 2 "ALUOp";
    .port_info 8 /OUTPUT 2 "ALUSrcA";
    .port_info 9 /OUTPUT 2 "ALUSrcB";
    .port_info 10 /OUTPUT 1 "RegWrite";
    .port_info 11 /OUTPUT 1 "Branch";
    .port_info 12 /OUTPUT 1 "PCUpdate";
P_0x555563e6f640 .param/l "S0" 0 3 20, +C4<00000000000000000000000000000000>;
P_0x555563e6f680 .param/l "S1" 0 3 21, +C4<00000000000000000000000000000001>;
P_0x555563e6f6c0 .param/l "S10" 0 3 30, +C4<00000000000000000000000000001010>;
P_0x555563e6f700 .param/l "S2" 0 3 22, +C4<00000000000000000000000000000010>;
P_0x555563e6f740 .param/l "S3" 0 3 23, +C4<00000000000000000000000000000011>;
P_0x555563e6f780 .param/l "S4" 0 3 24, +C4<00000000000000000000000000000100>;
P_0x555563e6f7c0 .param/l "S5" 0 3 25, +C4<00000000000000000000000000000101>;
P_0x555563e6f800 .param/l "S6" 0 3 26, +C4<00000000000000000000000000000110>;
P_0x555563e6f840 .param/l "S7" 0 3 27, +C4<00000000000000000000000000000111>;
P_0x555563e6f880 .param/l "S8" 0 3 28, +C4<00000000000000000000000000001000>;
P_0x555563e6f8c0 .param/l "S9" 0 3 29, +C4<00000000000000000000000000001001>;
v0x555563e605f0_0 .var "ALUOp", 1 0;
v0x555563e60c20_0 .var "ALUSrcA", 1 0;
v0x555563e61250_0 .var "ALUSrcB", 1 0;
v0x555563e61880_0 .var "AdrSrc", 0 0;
v0x555563e61eb0_0 .var "Branch", 0 0;
v0x555563e626c0_0 .var "IRWrite", 0 0;
v0x555563e62760_0 .var "MemWrite", 0 0;
v0x555563e9e3b0_0 .var "PCUpdate", 0 0;
v0x555563e9e470_0 .var "RegWrite", 0 0;
v0x555563e9e530_0 .var "ResultSrc", 1 0;
v0x555563e9e610_0 .net "clk", 0 0, v0x555563e9f490_0;  1 drivers
v0x555563e9e6d0_0 .var "current_state", 3 0;
v0x555563e9e7b0_0 .var "next_state", 3 0;
v0x555563e9e890_0 .net "op", 6 0, v0x555563e9f560_0;  1 drivers
v0x555563e9e970_0 .net "reset", 0 0, v0x555563e9f630_0;  1 drivers
E_0x555563e73650 .event anyedge, v0x555563e9e6d0_0;
E_0x555563e70190 .event anyedge, v0x555563e9e6d0_0, v0x555563e9e890_0;
E_0x555563e6ebd0 .event posedge, v0x555563e9e970_0, v0x555563e9e610_0;
    .scope S_0x555563e2fed0;
T_0 ;
    %wait E_0x555563e6ebd0;
    %load/vec4 v0x555563e9e970_0;
    %flag_set/vec4 8;
    %jmp/0xz  T_0.0, 8;
    %pushi/vec4 0, 0, 4;
    %assign/vec4 v0x555563e9e6d0_0, 0;
    %jmp T_0.1;
T_0.0 ;
    %load/vec4 v0x555563e9e7b0_0;
    %assign/vec4 v0x555563e9e6d0_0, 0;
T_0.1 ;
    %jmp T_0;
    .thread T_0;
    .scope S_0x555563e2fed0;
T_1 ;
    %wait E_0x555563e70190;
    %load/vec4 v0x555563e9e6d0_0;
    %dup/vec4;
    %pushi/vec4 0, 0, 4;
    %cmp/u;
    %jmp/1 T_1.0, 6;
    %dup/vec4;
    %pushi/vec4 1, 0, 4;
    %cmp/u;
    %jmp/1 T_1.1, 6;
    %dup/vec4;
    %pushi/vec4 2, 0, 4;
    %cmp/u;
    %jmp/1 T_1.2, 6;
    %dup/vec4;
    %pushi/vec4 3, 0, 4;
    %cmp/u;
    %jmp/1 T_1.3, 6;
    %dup/vec4;
    %pushi/vec4 4, 0, 4;
    %cmp/u;
    %jmp/1 T_1.4, 6;
    %dup/vec4;
    %pushi/vec4 5, 0, 4;
    %cmp/u;
    %jmp/1 T_1.5, 6;
    %dup/vec4;
    %pushi/vec4 6, 0, 4;
    %cmp/u;
    %jmp/1 T_1.6, 6;
    %dup/vec4;
    %pushi/vec4 7, 0, 4;
    %cmp/u;
    %jmp/1 T_1.7, 6;
    %dup/vec4;
    %pushi/vec4 8, 0, 4;
    %cmp/u;
    %jmp/1 T_1.8, 6;
    %dup/vec4;
    %pushi/vec4 9, 0, 4;
    %cmp/u;
    %jmp/1 T_1.9, 6;
    %dup/vec4;
    %pushi/vec4 10, 0, 4;
    %cmp/u;
    %jmp/1 T_1.10, 6;
    %jmp T_1.11;
T_1.0 ;
    %pushi/vec4 1, 0, 4;
    %store/vec4 v0x555563e9e7b0_0, 0, 4;
    %jmp T_1.11;
T_1.1 ;
    %load/vec4 v0x555563e9e890_0;
    %dup/vec4;
    %pushi/vec4 35, 0, 7;
    %cmp/u;
    %jmp/1 T_1.12, 6;
    %dup/vec4;
    %pushi/vec4 3, 0, 7;
    %cmp/u;
    %jmp/1 T_1.13, 6;
    %dup/vec4;
    %pushi/vec4 51, 0, 7;
    %cmp/u;
    %jmp/1 T_1.14, 6;
    %dup/vec4;
    %pushi/vec4 19, 0, 7;
    %cmp/u;
    %jmp/1 T_1.15, 6;
    %dup/vec4;
    %pushi/vec4 111, 0, 7;
    %cmp/u;
    %jmp/1 T_1.16, 6;
    %dup/vec4;
    %pushi/vec4 99, 0, 7;
    %cmp/u;
    %jmp/1 T_1.17, 6;
    %pushi/vec4 0, 0, 4;
    %store/vec4 v0x555563e9e7b0_0, 0, 4;
    %jmp T_1.19;
T_1.12 ;
    %pushi/vec4 2, 0, 4;
    %store/vec4 v0x555563e9e7b0_0, 0, 4;
    %jmp T_1.19;
T_1.13 ;
    %pushi/vec4 2, 0, 4;
    %store/vec4 v0x555563e9e7b0_0, 0, 4;
    %jmp T_1.19;
T_1.14 ;
    %pushi/vec4 6, 0, 4;
    %store/vec4 v0x555563e9e7b0_0, 0, 4;
    %jmp T_1.19;
T_1.15 ;
    %pushi/vec4 8, 0, 4;
    %store/vec4 v0x555563e9e7b0_0, 0, 4;
    %jmp T_1.19;
T_1.16 ;
    %pushi/vec4 9, 0, 4;
    %store/vec4 v0x555563e9e7b0_0, 0, 4;
    %jmp T_1.19;
T_1.17 ;
    %pushi/vec4 10, 0, 4;
    %store/vec4 v0x555563e9e7b0_0, 0, 4;
    %jmp T_1.19;
T_1.19 ;
    %pop/vec4 1;
    %jmp T_1.11;
T_1.2 ;
    %load/vec4 v0x555563e9e890_0;
    %cmpi/e 35, 0, 7;
    %jmp/0xz  T_1.20, 4;
    %pushi/vec4 5, 0, 4;
    %store/vec4 v0x555563e9e7b0_0, 0, 4;
    %jmp T_1.21;
T_1.20 ;
    %pushi/vec4 3, 0, 4;
    %store/vec4 v0x555563e9e7b0_0, 0, 4;
T_1.21 ;
    %jmp T_1.11;
T_1.3 ;
    %pushi/vec4 4, 0, 4;
    %store/vec4 v0x555563e9e7b0_0, 0, 4;
    %jmp T_1.11;
T_1.4 ;
    %pushi/vec4 0, 0, 4;
    %store/vec4 v0x555563e9e7b0_0, 0, 4;
    %jmp T_1.11;
T_1.5 ;
    %pushi/vec4 0, 0, 4;
    %store/vec4 v0x555563e9e7b0_0, 0, 4;
    %jmp T_1.11;
T_1.6 ;
    %pushi/vec4 7, 0, 4;
    %store/vec4 v0x555563e9e7b0_0, 0, 4;
    %jmp T_1.11;
T_1.7 ;
    %pushi/vec4 0, 0, 4;
    %store/vec4 v0x555563e9e7b0_0, 0, 4;
    %jmp T_1.11;
T_1.8 ;
    %pushi/vec4 7, 0, 4;
    %store/vec4 v0x555563e9e7b0_0, 0, 4;
    %jmp T_1.11;
T_1.9 ;
    %pushi/vec4 7, 0, 4;
    %store/vec4 v0x555563e9e7b0_0, 0, 4;
    %jmp T_1.11;
T_1.10 ;
    %pushi/vec4 0, 0, 4;
    %store/vec4 v0x555563e9e7b0_0, 0, 4;
    %jmp T_1.11;
T_1.11 ;
    %pop/vec4 1;
    %jmp T_1;
    .thread T_1, $push;
    .scope S_0x555563e2fed0;
T_2 ;
    %wait E_0x555563e73650;
    %pushi/vec4 0, 0, 1;
    %store/vec4 v0x555563e61880_0, 0, 1;
    %pushi/vec4 0, 0, 1;
    %store/vec4 v0x555563e62760_0, 0, 1;
    %pushi/vec4 0, 0, 1;
    %store/vec4 v0x555563e626c0_0, 0, 1;
    %pushi/vec4 0, 0, 2;
    %store/vec4 v0x555563e9e530_0, 0, 2;
    %pushi/vec4 0, 0, 2;
    %store/vec4 v0x555563e605f0_0, 0, 2;
    %pushi/vec4 0, 0, 2;
    %store/vec4 v0x555563e60c20_0, 0, 2;
    %pushi/vec4 0, 0, 2;
    %store/vec4 v0x555563e61250_0, 0, 2;
    %pushi/vec4 0, 0, 1;
    %store/vec4 v0x555563e9e470_0, 0, 1;
    %pushi/vec4 0, 0, 1;
    %store/vec4 v0x555563e61eb0_0, 0, 1;
    %pushi/vec4 0, 0, 1;
    %store/vec4 v0x555563e9e3b0_0, 0, 1;
    %load/vec4 v0x555563e9e6d0_0;
    %dup/vec4;
    %pushi/vec4 0, 0, 4;
    %cmp/u;
    %jmp/1 T_2.0, 6;
    %dup/vec4;
    %pushi/vec4 1, 0, 4;
    %cmp/u;
    %jmp/1 T_2.1, 6;
    %dup/vec4;
    %pushi/vec4 2, 0, 4;
    %cmp/u;
    %jmp/1 T_2.2, 6;
    %dup/vec4;
    %pushi/vec4 3, 0, 4;
    %cmp/u;
    %jmp/1 T_2.3, 6;
    %dup/vec4;
    %pushi/vec4 4, 0, 4;
    %cmp/u;
    %jmp/1 T_2.4, 6;
    %dup/vec4;
    %pushi/vec4 5, 0, 4;
    %cmp/u;
    %jmp/1 T_2.5, 6;
    %dup/vec4;
    %pushi/vec4 6, 0, 4;
    %cmp/u;
    %jmp/1 T_2.6, 6;
    %dup/vec4;
    %pushi/vec4 7, 0, 4;
    %cmp/u;
    %jmp/1 T_2.7, 6;
    %dup/vec4;
    %pushi/vec4 8, 0, 4;
    %cmp/u;
    %jmp/1 T_2.8, 6;
    %dup/vec4;
    %pushi/vec4 9, 0, 4;
    %cmp/u;
    %jmp/1 T_2.9, 6;
    %dup/vec4;
    %pushi/vec4 10, 0, 4;
    %cmp/u;
    %jmp/1 T_2.10, 6;
    %jmp T_2.11;
T_2.0 ;
    %pushi/vec4 0, 0, 1;
    %store/vec4 v0x555563e61880_0, 0, 1;
    %pushi/vec4 1, 0, 1;
    %store/vec4 v0x555563e626c0_0, 0, 1;
    %pushi/vec4 0, 0, 2;
    %store/vec4 v0x555563e60c20_0, 0, 2;
    %pushi/vec4 2, 0, 2;
    %store/vec4 v0x555563e61250_0, 0, 2;
    %pushi/vec4 0, 0, 2;
    %store/vec4 v0x555563e605f0_0, 0, 2;
    %pushi/vec4 2, 0, 2;
    %store/vec4 v0x555563e9e530_0, 0, 2;
    %pushi/vec4 1, 0, 1;
    %store/vec4 v0x555563e9e3b0_0, 0, 1;
    %jmp T_2.11;
T_2.1 ;
    %pushi/vec4 1, 0, 2;
    %store/vec4 v0x555563e60c20_0, 0, 2;
    %pushi/vec4 1, 0, 2;
    %store/vec4 v0x555563e61250_0, 0, 2;
    %pushi/vec4 0, 0, 2;
    %store/vec4 v0x555563e605f0_0, 0, 2;
    %jmp T_2.11;
T_2.2 ;
    %pushi/vec4 2, 0, 2;
    %store/vec4 v0x555563e60c20_0, 0, 2;
    %pushi/vec4 1, 0, 2;
    %store/vec4 v0x555563e61250_0, 0, 2;
    %pushi/vec4 0, 0, 2;
    %store/vec4 v0x555563e605f0_0, 0, 2;
    %jmp T_2.11;
T_2.3 ;
    %pushi/vec4 0, 0, 2;
    %store/vec4 v0x555563e9e530_0, 0, 2;
    %pushi/vec4 1, 0, 1;
    %store/vec4 v0x555563e61880_0, 0, 1;
    %jmp T_2.11;
T_2.4 ;
    %pushi/vec4 1, 0, 1;
    %store/vec4 v0x555563e9e470_0, 0, 1;
    %pushi/vec4 1, 0, 2;
    %store/vec4 v0x555563e9e530_0, 0, 2;
    %jmp T_2.11;
T_2.5 ;
    %pushi/vec4 1, 0, 1;
    %store/vec4 v0x555563e62760_0, 0, 1;
    %pushi/vec4 1, 0, 1;
    %store/vec4 v0x555563e61880_0, 0, 1;
    %pushi/vec4 0, 0, 2;
    %store/vec4 v0x555563e9e530_0, 0, 2;
    %jmp T_2.11;
T_2.6 ;
    %pushi/vec4 2, 0, 2;
    %store/vec4 v0x555563e60c20_0, 0, 2;
    %pushi/vec4 0, 0, 2;
    %store/vec4 v0x555563e61250_0, 0, 2;
    %pushi/vec4 2, 0, 2;
    %store/vec4 v0x555563e605f0_0, 0, 2;
    %jmp T_2.11;
T_2.7 ;
    %pushi/vec4 1, 0, 1;
    %store/vec4 v0x555563e9e470_0, 0, 1;
    %pushi/vec4 0, 0, 2;
    %store/vec4 v0x555563e9e530_0, 0, 2;
    %jmp T_2.11;
T_2.8 ;
    %pushi/vec4 2, 0, 2;
    %store/vec4 v0x555563e60c20_0, 0, 2;
    %pushi/vec4 1, 0, 2;
    %store/vec4 v0x555563e61250_0, 0, 2;
    %pushi/vec4 2, 0, 2;
    %store/vec4 v0x555563e605f0_0, 0, 2;
    %jmp T_2.11;
T_2.9 ;
    %pushi/vec4 1, 0, 2;
    %store/vec4 v0x555563e60c20_0, 0, 2;
    %pushi/vec4 2, 0, 2;
    %store/vec4 v0x555563e61250_0, 0, 2;
    %pushi/vec4 0, 0, 2;
    %store/vec4 v0x555563e605f0_0, 0, 2;
    %pushi/vec4 0, 0, 2;
    %store/vec4 v0x555563e9e530_0, 0, 2;
    %pushi/vec4 1, 0, 1;
    %store/vec4 v0x555563e9e3b0_0, 0, 1;
    %jmp T_2.11;
T_2.10 ;
    %pushi/vec4 2, 0, 2;
    %store/vec4 v0x555563e60c20_0, 0, 2;
    %pushi/vec4 0, 0, 2;
    %store/vec4 v0x555563e61250_0, 0, 2;
    %pushi/vec4 1, 0, 2;
    %store/vec4 v0x555563e605f0_0, 0, 2;
    %pushi/vec4 1, 0, 1;
    %store/vec4 v0x555563e61eb0_0, 0, 1;
    %pushi/vec4 0, 0, 2;
    %store/vec4 v0x555563e9e530_0, 0, 2;
    %jmp T_2.11;
T_2.11 ;
    %pop/vec4 1;
    %jmp T_2;
    .thread T_2, $push;
    .scope S_0x555563e2fd40;
T_3 ;
T_3.0 ;
    %delay 5, 0;
    %load/vec4 v0x555563e9f490_0;
    %inv;
    %store/vec4 v0x555563e9f490_0, 0, 1;
    %jmp T_3.0;
T_3.1 ;
    %end;
    .thread T_3;
    .scope S_0x555563e2fd40;
T_4 ;
    %pushi/vec4 0, 0, 1;
    %store/vec4 v0x555563e9f490_0, 0, 1;
    %pushi/vec4 1, 0, 1;
    %store/vec4 v0x555563e9f630_0, 0, 1;
    %pushi/vec4 0, 0, 7;
    %store/vec4 v0x555563e9f560_0, 0, 7;
    %delay 10, 0;
    %pushi/vec4 0, 0, 1;
    %store/vec4 v0x555563e9f630_0, 0, 1;
    %delay 10, 0;
    %pushi/vec4 51, 0, 7;
    %store/vec4 v0x555563e9f560_0, 0, 7;
    %delay 10, 0;
T_4.0 ;
    %load/vec4 v0x555563e9e6d0_0;
    %pad/u 32;
    %pushi/vec4 0, 0, 32;
    %cmp/e;
    %flag_get/vec4 4;
    %cmpi/ne 1, 0, 1;
    %jmp/0xz T_4.1, 6;
    %wait E_0x555563e73650;
    %jmp T_4.0;
T_4.1 ;
    %delay 10, 0;
    %pushi/vec4 19, 0, 7;
    %store/vec4 v0x555563e9f560_0, 0, 7;
    %delay 10, 0;
T_4.2 ;
    %load/vec4 v0x555563e9e6d0_0;
    %pad/u 32;
    %pushi/vec4 0, 0, 32;
    %cmp/e;
    %flag_get/vec4 4;
    %cmpi/ne 1, 0, 1;
    %jmp/0xz T_4.3, 6;
    %wait E_0x555563e73650;
    %jmp T_4.2;
T_4.3 ;
    %delay 10, 0;
    %pushi/vec4 3, 0, 7;
    %store/vec4 v0x555563e9f560_0, 0, 7;
    %delay 10, 0;
T_4.4 ;
    %load/vec4 v0x555563e9e6d0_0;
    %pad/u 32;
    %pushi/vec4 0, 0, 32;
    %cmp/e;
    %flag_get/vec4 4;
    %cmpi/ne 1, 0, 1;
    %jmp/0xz T_4.5, 6;
    %wait E_0x555563e73650;
    %jmp T_4.4;
T_4.5 ;
    %delay 10, 0;
    %pushi/vec4 35, 0, 7;
    %store/vec4 v0x555563e9f560_0, 0, 7;
    %delay 10, 0;
T_4.6 ;
    %load/vec4 v0x555563e9e6d0_0;
    %pad/u 32;
    %pushi/vec4 0, 0, 32;
    %cmp/e;
    %flag_get/vec4 4;
    %cmpi/ne 1, 0, 1;
    %jmp/0xz T_4.7, 6;
    %wait E_0x555563e73650;
    %jmp T_4.6;
T_4.7 ;
    %delay 10, 0;
    %pushi/vec4 99, 0, 7;
    %store/vec4 v0x555563e9f560_0, 0, 7;
    %delay 10, 0;
T_4.8 ;
    %load/vec4 v0x555563e9e6d0_0;
    %pad/u 32;
    %pushi/vec4 0, 0, 32;
    %cmp/e;
    %flag_get/vec4 4;
    %cmpi/ne 1, 0, 1;
    %jmp/0xz T_4.9, 6;
    %wait E_0x555563e73650;
    %jmp T_4.8;
T_4.9 ;
    %delay 100, 0;
    %vpi_call 2 57 "$finish" {0 0 0};
    %end;
    .thread T_4;
    .scope S_0x555563e2fd40;
T_5 ;
    %vpi_call 2 62 "$monitor", "Time: %0t | State: %0d | op: %b | AdrSrc: %b | MemWrite: %b | IRWrite: %b | ResultSrc: %b | ALUOp: %b | ALUSrcA: %b | ALUSrcB: %b | RegWrite: %b | Branch: %b | PCUpdate: %b", $time, v0x555563e9e6d0_0, v0x555563e9f560_0, v0x555563e9ee80_0, v0x555563e9f0c0_0, v0x555563e9eff0_0, v0x555563e9f3c0_0, v0x555563e9ebd0_0, v0x555563e9ecb0_0, v0x555563e9ed80_0, v0x555563e9f260_0, v0x555563e9ef50_0, v0x555563e9f190_0 {0 0 0};
    %end;
    .thread T_5;
    .scope S_0x555563e2fd40;
T_6 ;
    %vpi_call 2 67 "$dumpfile", "main_FSM_tb.vcd" {0 0 0};
    %vpi_call 2 68 "$dumpvars", 32'sb00000000000000000000000000000000, S_0x555563e2fd40 {0 0 0};
    %end;
    .thread T_6;
# The file index is used to find the file name in the following table.
:file_names 4;
    "N/A";
    "<interactive>";
    "main_FSM_tb.v";
    "main_FSM.v";
